<?xml version="1.0" encoding="UTF-8"?>
<!-- Generated by org.testng.reporters.JUnitReportReporter -->
<testsuite hostname="DESKTOP-81KRV25" failures="0" tests="1" name="Tests.GoogleTest" time="0.025" errors="0" timestamp="2024-09-05T10:53:07 IST" skipped="0">
  <testcase classname="Tests.GoogleTest" name="googleTest" time="0.025"/>
</testsuite> <!-- Tests.GoogleTest -->
